#
# There is insufficient memory for the Java Runtime Environment to continue.
# Native memory allocation (malloc) failed to allocate 1048576 bytes for AllocateHeap
# Possible reasons:
#   The system is out of physical RAM or swap space
#   The process is running with CompressedOops enabled, and the Java Heap may be blocking the growth of the native heap
# Possible solutions:
#   Reduce memory load on the system
#   Increase physical memory or swap space
#   Check if swap backing store is full
#   Decrease Java heap size (-Xmx/-Xms)
#   Decrease number of Java threads
#   Decrease Java thread stack sizes (-Xss)
#   Set larger code cache with -XX:ReservedCodeCacheSize=
#   JVM is running with Zero Based Compressed Oops mode in which the Java heap is
#     placed in the first 32GB address space. The Java Heap base address is the
#     maximum limit for the native heap growth. Please use -XX:HeapBaseMinAddress
#     to set the Java Heap base and to place the Java Heap above 32GB virtual address.
# This output file may be truncated or incomplete.
#
#  Out of Memory Error (allocation.cpp:44), pid=8876, tid=18204
#
# JRE version:  (17.0.3.1+2) (build )
# Java VM: Java HotSpot(TM) 64-Bit Server VM (17.0.3.1+2-LTS-6, mixed mode, sharing, tiered, compressed oops, compressed class ptrs, g1 gc, windows-amd64)
# No core dump will be written. Minidumps are not enabled by default on client versions of Windows
#

---------------  S U M M A R Y ------------

Command Line: -Dfile.encoding=UTF-8 --module-path=C:\Users\jason\Documents\Aqui va todo\proyecto arquitectura\proyecto_arq-adicion-logica-con-operaciones\build\classes Text

Host: Intel(R) Core(TM) i5-8400 CPU @ 2.80GHz, 6 cores, 15G,  Windows 10 , 64 bit Build 19041 (10.0.19041.2364)
Time: Mon Dec 19 19:53:20 2022 Hora est. Pacífico, Sudamérica elapsed time: 0.016957 seconds (0d 0h 0m 0s)

---------------  T H R E A D  ---------------

Current thread (0x000001bf583bcc40):  JavaThread "Unknown thread" [_thread_in_vm, id=18204, stack(0x0000009621f00000,0x0000009622000000)]

Stack: [0x0000009621f00000,0x0000009622000000]
Native frames: (J=compiled Java code, j=interpreted, Vv=VM code, C=native code)
V  [jvm.dll+0x6711ba]
V  [jvm.dll+0x7d0834]
V  [jvm.dll+0x7d1fde]
V  [jvm.dll+0x7d2643]
V  [jvm.dll+0x242c85]
V  [jvm.dll+0xa4b93]
V  [jvm.dll+0x2e1077]
V  [jvm.dll+0x2d8f3b]
V  [jvm.dll+0x7a2411]
V  [jvm.dll+0x365d01]
V  [jvm.dll+0x78187c]
V  [jvm.dll+0x3e873f]
V  [jvm.dll+0x3ea1e1]
C  [jli.dll+0x527b]
C  [ucrtbase.dll+0x21bb2]
C  [KERNEL32.DLL+0x17614]
C  [ntdll.dll+0x526a1]


---------------  P R O C E S S  ---------------

Threads class SMR info:
_java_thread_list=0x00007ffce3849858, length=0, elements={
}

Java Threads: ( => current thread )

Other Threads:
  0x000001bf58426650 GCTaskThread "GC Thread#0" [stack: 0x0000009622000000,0x0000009622100000] [id=18616]

[error occurred during error reporting (printing all threads), id 0xc0000005, EXCEPTION_ACCESS_VIOLATION (0xc0000005) at pc=0x00007ffce3095fc0]

VM state: not at safepoint (not fully initialized)

VM Mutex/Monitor currently owned by a thread:  ([mutex/lock_event])
[0x000001bf583b9c90] Heap_lock - owner thread: 0x000001bf583bcc40

Heap address: 0x0000000701400000, size: 4076 MB, Compressed Oops mode: Zero based, Oop shift amount: 3

CDS archive(s) mapped at: [0x0000000000000000-0x0000000000000000-0x0000000000000000), size 0, SharedBaseAddress: 0x0000000800000000, ArchiveRelocationMode: 0.
Narrow klass base: 0x0000000000000000, Narrow klass shift: 0, Narrow klass range: 0x0

GC Precious Log:
<Empty>

Heap:
 garbage-first heap   total 0K, used 0K [0x0000000701400000, 0x0000000800000000)
  region size 2048K, 0 young (0K), 0 survivors (0K)

[error occurred during error reporting (printing heap information), id 0xc0000005, EXCEPTION_ACCESS_VIOLATION (0xc0000005) at pc=0x00007ffce347a629]

GC Heap History (0 events):
No events

Deoptimization events (0 events):
No events

Classes unloaded (0 events):
No events

Classes redefined (0 events):
No events

Internal exceptions (0 events):
No events

VM Operations (0 events):
No events

Events (1 events):
Event: 0.010 Loaded shared library C:\Program Files\Java\jdk-17.0.3.1\bin\java.dll


Dynamic libraries:
0x00007ff6f53a0000 - 0x00007ff6f53b0000 	C:\Program Files\Java\jdk-17.0.3.1\bin\java.exe
0x00007ffd88a10000 - 0x00007ffd88c08000 	C:\Windows\SYSTEM32\ntdll.dll
0x00007ffd878c0000 - 0x00007ffd8797f000 	C:\Windows\System32\KERNEL32.DLL
0x00007ffd86480000 - 0x00007ffd86752000 	C:\Windows\System32\KERNELBASE.dll
0x00007ffd861e0000 - 0x00007ffd862e0000 	C:\Windows\System32\ucrtbase.dll
0x00007ffd81200000 - 0x00007ffd8121a000 	C:\Program Files\Java\jdk-17.0.3.1\bin\VCRUNTIME140.dll
0x00007ffd7fe20000 - 0x00007ffd7fe38000 	C:\Program Files\Java\jdk-17.0.3.1\bin\jli.dll
0x00007ffd86fd0000 - 0x00007ffd8707e000 	C:\Windows\System32\ADVAPI32.dll
0x00007ffd88840000 - 0x00007ffd888de000 	C:\Windows\System32\msvcrt.dll
0x00007ffd86bc0000 - 0x00007ffd86c5c000 	C:\Windows\System32\sechost.dll
0x00007ffd86df0000 - 0x00007ffd86f15000 	C:\Windows\System32\RPCRT4.dll
0x00007ffd87f00000 - 0x00007ffd880a1000 	C:\Windows\System32\USER32.dll
0x00007ffd861b0000 - 0x00007ffd861d2000 	C:\Windows\System32\win32u.dll
0x00007ffd86a50000 - 0x00007ffd86a7b000 	C:\Windows\System32\GDI32.dll
0x00007ffd79f30000 - 0x00007ffd7a1ca000 	C:\Windows\WinSxS\amd64_microsoft.windows.common-controls_6595b64144ccf1df_6.0.19041.1110_none_60b5254171f9507e\COMCTL32.dll
0x00007ffd867e0000 - 0x00007ffd868ef000 	C:\Windows\System32\gdi32full.dll
0x00007ffd863e0000 - 0x00007ffd8647d000 	C:\Windows\System32\msvcp_win.dll
0x00007ffd7ef10000 - 0x00007ffd7ef1a000 	C:\Windows\SYSTEM32\VERSION.dll
0x00007ffd88270000 - 0x00007ffd882a2000 	C:\Windows\System32\IMM32.DLL
0x00007ffd814f0000 - 0x00007ffd814fc000 	C:\Program Files\Java\jdk-17.0.3.1\bin\vcruntime140_1.dll
0x00007ffd450b0000 - 0x00007ffd4513d000 	C:\Program Files\Java\jdk-17.0.3.1\bin\msvcp140.dll
0x00007ffce2db0000 - 0x00007ffce3970000 	C:\Program Files\Java\jdk-17.0.3.1\bin\server\jvm.dll
0x00007ffd888e0000 - 0x00007ffd888e8000 	C:\Windows\System32\PSAPI.DLL
0x00007ffd704e0000 - 0x00007ffd704e9000 	C:\Windows\SYSTEM32\WSOCK32.dll
0x00007ffd7ab20000 - 0x00007ffd7ab47000 	C:\Windows\SYSTEM32\WINMM.dll
0x00007ffd87850000 - 0x00007ffd878bb000 	C:\Windows\System32\ws2_32.DLL
0x00007ffd83fc0000 - 0x00007ffd83fd2000 	C:\Windows\SYSTEM32\kernel.appcore.dll
0x00007ffd814b0000 - 0x00007ffd814ba000 	C:\Program Files\Java\jdk-17.0.3.1\bin\jimage.dll
0x00007ffd7d350000 - 0x00007ffd7d534000 	C:\Windows\SYSTEM32\DBGHELP.DLL
0x00007ffd7c9f0000 - 0x00007ffd7ca25000 	C:\Windows\SYSTEM32\dbgcore.DLL
0x00007ffd862e0000 - 0x00007ffd86362000 	C:\Windows\System32\bcryptPrimitives.dll
0x00007ffd805a0000 - 0x00007ffd805c5000 	C:\Program Files\Java\jdk-17.0.3.1\bin\java.dll

dbghelp: loaded successfully - version: 4.0.5 - missing functions: none
symbol engine: initialized successfully - sym options: 0x614 - pdb path: .;C:\Program Files\Java\jdk-17.0.3.1\bin;C:\Windows\SYSTEM32;C:\Windows\WinSxS\amd64_microsoft.windows.common-controls_6595b64144ccf1df_6.0.19041.1110_none_60b5254171f9507e;C:\Program Files\Java\jdk-17.0.3.1\bin\server

VM Arguments:
jvm_args: -Dfile.encoding=UTF-8 --module-path=C:\Users\jason\Documents\Aqui va todo\proyecto arquitectura\proyecto_arq-adicion-logica-con-operaciones\build\classes 
java_command: Text
java_class_path (initial): C:\Users\jason\Documents\Aqui va todo\proyecto arquitectura\proyecto_arq-adicion-logica-con-operaciones\build\classes
Launcher Type: SUN_STANDARD

[Global flags]
     intx CICompilerCount                          = 3                                         {product} {ergonomic}
     uint ConcGCThreads                            = 2                                         {product} {ergonomic}
     uint G1ConcRefinementThreads                  = 6                                         {product} {ergonomic}
   size_t G1HeapRegionSize                         = 2097152                                   {product} {ergonomic}
    uintx GCDrainStackTargetSize                   = 64                                        {product} {ergonomic}
   size_t InitialHeapSize                          = 268435456                                 {product} {ergonomic}
   size_t MarkStackSize                            = 4194304                                   {product} {ergonomic}
   size_t MaxHeapSize                              = 4273995776                                {product} {ergonomic}
   size_t MinHeapDeltaBytes                        = 2097152                                   {product} {ergonomic}
   size_t MinHeapSize                              = 8388608                                   {product} {ergonomic}
    uintx NonNMethodCodeHeapSize                   = 5832780                                {pd product} {ergonomic}
    uintx NonProfiledCodeHeapSize                  = 122912730                              {pd product} {ergonomic}
    uintx ProfiledCodeHeapSize                     = 122912730                              {pd product} {ergonomic}
    uintx ReservedCodeCacheSize                    = 251658240                              {pd product} {ergonomic}
     bool SegmentedCodeCache                       = true                                      {product} {ergonomic}
   size_t SoftMaxHeapSize                          = 4273995776                             {manageable} {ergonomic}
     bool UseCompressedClassPointers               = true                           {product lp64_product} {ergonomic}
     bool UseCompressedOops                        = true                           {product lp64_product} {ergonomic}
     bool UseG1GC                                  = true                                      {product} {ergonomic}
     bool UseLargePagesIndividualAllocation        = false                                  {pd product} {ergonomic}

Logging:
Log output configuration:
 #0: stdout all=warning uptime,level,tags
 #1: stderr all=off uptime,level,tags

Environment Variables:
PATH=C:\Program Files\Common Files\Oracle\Java\javapath;C:\Windows\system32;C:\Windows;C:\Windows\System32\Wbem;C:\Windows\System32\WindowsPowerShell\v1.0\;C:\Windows\System32\OpenSSH\;C:\Program Files (x86)\NVIDIA Corporation\PhysX\Common;C:\Program Files\NVIDIA Corporation\NVIDIA NvDLISR;C:\Program Files (x86)\Microsoft SQL Server\150\Tools\Binn\;C:\Program Files\Microsoft SQL Server\150\Tools\Binn\;C:\Program Files (x86)\Microsoft SQL Server\150\DTS\Binn\;C:\Program Files\Microsoft SQL Server\150\DTS\Binn\;C:\Program Files\Microsoft SQL Server\Client SDK\ODBC\170\Tools\Binn\;C:\Program Files\Azure Data Studio\bin;F:\Mathlab\bin\win64;F:\Mathlab2\bin;C:\Program Files\MySQL\MySQL Shell 8.0\bin\;C:\Users\jason\AppData\Local\Microsoft\WindowsApps;;C:\Program Files\Azure Data Studio\bin
USERNAME=jason
OS=Windows_NT
PROCESSOR_IDENTIFIER=Intel64 Family 6 Model 158 Stepping 10, GenuineIntel



---------------  S Y S T E M  ---------------

OS:
 Windows 10 , 64 bit Build 19041 (10.0.19041.2364)
OS uptime: 1 days 20:39 hours

CPU: total 6 (initial active 6) (6 cores per cpu, 1 threads per core) family 6 model 158 stepping 10 microcode 0xb4, cx8, cmov, fxsr, mmx, 3dnowpref, sse, sse2, sse3, ssse3, sse4.1, sse4.2, popcnt, lzcnt, tsc, tscinvbit, avx, avx2, aes, erms, clmul, bmi1, bmi2, adx, fma, vzeroupper, clflush, clflushopt

Memory: 4k page, system-wide physical 16301M (4447M free)
TotalPageFile size 30519M (AvailPageFile size 6M)
current process WorkingSet (physical memory assigned to process): 10M, peak: 10M
current process commit charge ("private bytes"): 53M, peak: 54M

vm_info: Java HotSpot(TM) 64-Bit Server VM (17.0.3.1+2-LTS-6) for windows-amd64 JRE (17.0.3.1+2-LTS-6), built on Apr 25 2022 22:04:21 by "mach5one" with MS VC++ 16.8 / 16.9 (VS2019)

END.
